<?xml version="1.0" encoding="UTF-8"?>
<testng-results ignored="13" total="16" passed="3" failed="0" skipped="0">
  <reporter-output>
  </reporter-output>
  <suite started-at="2024-06-28T10:34:39 IST" name="Regression Suite" finished-at="2024-06-28T10:34:51 IST" duration-ms="12163">
    <groups>
    </groups>
    <test started-at="2024-06-28T10:34:39 IST" name="Regression_Tests For HTML Release Note" finished-at="2024-06-28T10:34:51 IST" duration-ms="12163">
      <class name="test.RegressionTest_HTML">
        <test-method is-config="true" signature="beforesuit()[pri:0, instance:test.RegressionTest_HTML@66f57048]" started-at="2024-06-28T10:34:39 IST" name="beforesuit" finished-at="2024-06-28T10:34:39 IST" duration-ms="136" status="PASS">
          <reporter-output>
          </reporter-output>
        </test-method> <!-- beforesuit -->
        <test-method is-config="true" signature="initialize_browser()[pri:0, instance:test.RegressionTest_HTML@66f57048]" started-at="2024-06-28T10:34:39 IST" name="initialize_browser" finished-at="2024-06-28T10:34:41 IST" duration-ms="2427" status="PASS">
          <reporter-output>
          </reporter-output>
        </test-method> <!-- initialize_browser -->
        <test-method is-config="true" signature="initializeTest(java.lang.reflect.Method,org.testng.ITestResult)[pri:0, instance:test.RegressionTest_HTML@66f57048]" started-at="2024-06-28T10:34:41 IST" name="initializeTest" finished-at="2024-06-28T10:34:41 IST" duration-ms="20" status="PASS">
          <params>
            <param index="0">
              <value>
                <![CDATA[public void test.RegressionTest_HTML.openAEMApplication() throws java.lang.InterruptedException]]>
              </value>
            </param>
            <param index="1">
              <value>
                <![CDATA[[TestResult name={null} status=CREATED method=RegressionTest_HTML.openAEMApplication()[pri:1, instance:test.RegressionTest_HTML@66f57048] output={null}]]]>
              </value>
            </param>
          </params>
          <reporter-output>
          </reporter-output>
        </test-method> <!-- initializeTest -->
        <test-method signature="openAEMApplication()[pri:1, instance:test.RegressionTest_HTML@66f57048]" started-at="2024-06-28T10:34:41 IST" name="openAEMApplication" description="Test that login page is opened successfully" finished-at="2024-06-28T10:34:45 IST" duration-ms="3148" status="PASS">
          <reporter-output>
          </reporter-output>
        </test-method> <!-- openAEMApplication -->
        <test-method is-config="true" signature="initializeTest(java.lang.reflect.Method,org.testng.ITestResult)[pri:0, instance:test.RegressionTest_HTML@66f57048]" started-at="2024-06-28T10:34:45 IST" name="initializeTest" finished-at="2024-06-28T10:34:45 IST" duration-ms="3" status="PASS">
          <params>
            <param index="0">
              <value>
                <![CDATA[public void test.RegressionTest_HTML.loginAEMApplication() throws java.io.IOException]]>
              </value>
            </param>
            <param index="1">
              <value>
                <![CDATA[[TestResult name={null} status=CREATED method=RegressionTest_HTML.loginAEMApplication()[pri:2, instance:test.RegressionTest_HTML@66f57048] output={null}]]]>
              </value>
            </param>
          </params>
          <reporter-output>
          </reporter-output>
        </test-method> <!-- initializeTest -->
        <test-method signature="loginAEMApplication()[pri:2, instance:test.RegressionTest_HTML@66f57048]" started-at="2024-06-28T10:34:45 IST" name="loginAEMApplication" description="Test that user is able to login" finished-at="2024-06-28T10:34:50 IST" depends-on-methods="test.RegressionTest_HTML.openAEMApplication" duration-ms="4660" status="PASS">
          <reporter-output>
          </reporter-output>
        </test-method> <!-- loginAEMApplication -->
        <test-method is-config="true" signature="initializeTest(java.lang.reflect.Method,org.testng.ITestResult)[pri:0, instance:test.RegressionTest_HTML@66f57048]" started-at="2024-06-28T10:34:50 IST" name="initializeTest" finished-at="2024-06-28T10:34:50 IST" duration-ms="1" status="PASS">
          <params>
            <param index="0">
              <value>
                <![CDATA[public void test.RegressionTest_HTML.VerifyServiceDeskButton()]]>
              </value>
            </param>
            <param index="1">
              <value>
                <![CDATA[[TestResult name={null} status=CREATED method=RegressionTest_HTML.VerifyServiceDeskButton()[pri:3, instance:test.RegressionTest_HTML@66f57048] output={null}]]]>
              </value>
            </param>
          </params>
          <reporter-output>
          </reporter-output>
        </test-method> <!-- initializeTest -->
        <test-method signature="VerifyServiceDeskButton()[pri:3, instance:test.RegressionTest_HTML@66f57048]" started-at="2024-06-28T10:34:50 IST" name="VerifyServiceDeskButton" description="Test that user is able to Create the OUR Project&lt;br /&gt; &lt;a href=&quot;https://devstack.vwgroup.com/jira/browse/NN-2076&quot;&gt;Test Case Link&lt;/a&gt;" finished-at="2024-06-28T10:34:50 IST" depends-on-methods="test.RegressionTest_HTML.openAEMApplication, test.RegressionTest_HTML.loginAEMApplication" duration-ms="199" status="PASS">
          <reporter-output>
          </reporter-output>
        </test-method> <!-- VerifyServiceDeskButton -->
        <test-method is-config="true" signature="test_class_end()[pri:0, instance:test.RegressionTest_HTML@66f57048]" started-at="2024-06-28T10:34:50 IST" name="test_class_end" finished-at="2024-06-28T10:34:51 IST" duration-ms="659" status="PASS">
          <reporter-output>
          </reporter-output>
        </test-method> <!-- test_class_end -->
        <test-method is-config="true" signature="suit_end()[pri:0, instance:test.RegressionTest_HTML@66f57048]" started-at="2024-06-28T10:34:51 IST" name="suit_end" finished-at="2024-06-28T10:35:17 IST" duration-ms="25529" status="PASS">
          <reporter-output>
          </reporter-output>
        </test-method> <!-- suit_end -->
      </class> <!-- test.RegressionTest_HTML -->
    </test> <!-- Regression_Tests For HTML Release Note -->
  </suite> <!-- Regression Suite -->
</testng-results>
